<?xml version="1.0" encoding="UTF-8"?>
<testng-results ignored="0" total="1" passed="0" failed="1" skipped="0">
  <reporter-output>
  </reporter-output>
  <suite started-at="2022-08-14T22:14:23 EDT" name="Default suite" finished-at="2022-08-14T22:14:29 EDT" duration-ms="6316">
    <groups>
      <group name="cucumber">
        <method signature="AbstractTestNGCucumberTests.runScenario(io.cucumber.testng.PickleWrapper,io.cucumber.testng.FeatureWrapper)[pri:0, instance:runner.RunCuke@5158b42f]" name="runScenario" class="io.cucumber.testng.AbstractTestNGCucumberTests"/>
      </group> <!-- cucumber -->
    </groups>
    <test started-at="2022-08-14T22:14:23 EDT" name="Default test" finished-at="2022-08-14T22:14:29 EDT" duration-ms="6316">
      <class name="runner.RunCuke">
        <test-method is-config="true" signature="setUpClass(org.testng.ITestContext)[pri:0, instance:runner.RunCuke@5158b42f]" started-at="2022-08-14T22:14:23 EDT" name="setUpClass" finished-at="2022-08-14T22:14:24 EDT" duration-ms="800" status="PASS">
          <params>
            <param index="0">
              <value>
                <![CDATA[org.testng.TestRunner@52c9d3d0]]>
              </value>
            </param>
          </params>
          <reporter-output>
          </reporter-output>
        </test-method> <!-- setUpClass -->
        <test-method signature="runScenario(io.cucumber.testng.PickleWrapper,io.cucumber.testng.FeatureWrapper)[pri:0, instance:runner.RunCuke@5158b42f]" started-at="2022-08-14T22:14:24 EDT" name="runScenario" description="Runs Cucumber Scenarios" data-provider="scenarios" finished-at="2022-08-14T22:14:29 EDT" duration-ms="4880" status="FAIL">
          <params>
            <param index="0">
              <value>
                <![CDATA["Alert views working"]]>
              </value>
            </param>
            <param index="1">
              <value>
                <![CDATA["UIKitCatalog home page"]]>
              </value>
            </param>
          </params>
          <exception class="java.lang.AssertionError">
            <message>
              <![CDATA[expected [UIKitCatalog] but found [UIKitCatalo]]]>
            </message>
            <full-stacktrace>
              <![CDATA[java.lang.AssertionError: expected [UIKitCatalog] but found [UIKitCatalo]
at org.testng.Assert.fail(Assert.java:110)
at org.testng.Assert.failNotEquals(Assert.java:1413)
at org.testng.Assert.assertEqualsImpl(Assert.java:149)
at org.testng.Assert.assertEquals(Assert.java:131)
at org.testng.Assert.assertEquals(Assert.java:655)
at org.testng.Assert.assertEquals(Assert.java:665)
at steps.HomeScreenSteps.i_nevigate_to_uicatalog_home_page(HomeScreenSteps.java:46)
at âœ½.I nevigate to UiCatalog home page(file:///Users/mohammadhossain/eclipse-workspace/Appium_BDD/src/test/resources/features/HomeScreen.feature:6)
]]>
            </full-stacktrace>
          </exception> <!-- java.lang.AssertionError -->
          <reporter-output>
          </reporter-output>
        </test-method> <!-- runScenario -->
        <test-method is-config="true" signature="tearDownClass()[pri:0, instance:runner.RunCuke@5158b42f]" started-at="2022-08-14T22:14:29 EDT" name="tearDownClass" finished-at="2022-08-14T22:14:29 EDT" duration-ms="562" status="PASS">
          <reporter-output>
          </reporter-output>
        </test-method> <!-- tearDownClass -->
      </class> <!-- runner.RunCuke -->
    </test> <!-- Default test -->
  </suite> <!-- Default suite -->
</testng-results>
